xrun(64): 20.09-s001: (c) Copyright 1995-2020 Cadence Design Systems, Inc.
xrun: *W,FMDEF: The default file type mapping of .sv is being overwritten.
TOOL:	xrun(64)	20.09-s001: Started on May 17, 2025 at 05:34:34 EDT
xrun
	-gui
	+xm64bit
	-sv
	-vlogext .sv
	-f 00_src/flist.f
		00_src/cla_4bit.v
		00_src/counter_4bit.v
		00_src/synth_wrapper.v
	01_tb/testbench.v
	-timescale 1ns/10ps
	+access+rcw
xmsim: *W,DSEM2009: This SystemVerilog design is simulated as per IEEE 1800-2009 SystemVerilog simulation semantics. Use -disable_sem2009 option for turning off SV 2009 simulation semantics.

-------------------------------------
Relinquished control to SimVision...
xcelium> 
xcelium> source /opt/cadence/XCELIUM2009/tools/xcelium/files/xmsimrc
xcelium> database -open waves -into waves.shm -default
Created default SHM database waves
xcelium> probe -create -shm testbench.wrapper.clk testbench.wrapper.count testbench.wrapper.count_reg testbench.wrapper.rst_n testbench.wrapper.sel testbench.wrapper.sel_reg
Created probe 1
xcelium> run
xmsim: *W,SHMOFU: $shm_open - file waves.shm already in use (SHM database).
            File: ./01_tb/testbench.v, line = 16, pos = 16
           Scope: testbench
            Time: 0 FS + 0

xmsim: *W,SHMNOSO: $shm_probe - SHM file not opened with $shm_open.
            File: ./01_tb/testbench.v, line = 17, pos = 17
           Scope: testbench
            Time: 0 FS + 0

COUNTER TEST BEGIN
RESET VALUE: [PASS]
RESET HOLD: [PASS]
COUNT UP TEST:    0 times
VALUE: 0000
COUNT UP TEST:    0 times, [PASS]
COUNT UP TEST:    1 times
VALUE: 0000
VALUE: 0001
COUNT UP TEST:    1 times, [PASS]
COUNT UP TEST:    2 times
VALUE: 0000
VALUE: 0001
VALUE: 0010
COUNT UP TEST:    2 times, [PASS]
COUNT UP TEST:    3 times
VALUE: 0000
VALUE: 0001
VALUE: 0010
VALUE: 0011
COUNT UP TEST:    3 times, [PASS]
COUNT UP TEST:    4 times
VALUE: 0000
VALUE: 0001
VALUE: 0010
VALUE: 0011
VALUE: 0100
COUNT UP TEST:    4 times, [PASS]
COUNT UP TEST:    5 times
VALUE: 0000
VALUE: 0001
VALUE: 0010
VALUE: 0011
VALUE: 0100
VALUE: 0101
COUNT UP TEST:    5 times, [PASS]
COUNT UP TEST:    6 times
VALUE: 0000
VALUE: 0001
VALUE: 0010
VALUE: 0011
VALUE: 0100
VALUE: 0101
VALUE: 0110
COUNT UP TEST:    6 times, [PASS]
COUNT UP TEST:    7 times
VALUE: 0000
VALUE: 0001
VALUE: 0010
VALUE: 0011
VALUE: 0100
VALUE: 0101
VALUE: 0110
VALUE: 0111
COUNT UP TEST:    7 times, [PASS]
COUNT UP TEST:    8 times
VALUE: 0000
VALUE: 0001
VALUE: 0010
VALUE: 0011
VALUE: 0100
VALUE: 0101
VALUE: 0110
VALUE: 0111
VALUE: 1000
COUNT UP TEST:    8 times, [PASS]
COUNT UP TEST:   16 times
VALUE: 0000
VALUE: 0001
VALUE: 0010
VALUE: 0011
VALUE: 0100
VALUE: 0101
VALUE: 0110
VALUE: 0111
VALUE: 1000
VALUE: 1001
VALUE: 1010
VALUE: 1011
VALUE: 1100
VALUE: 1101
VALUE: 1110
VALUE: 1111
VALUE: 0000
COUNT UP TEST:   16 times, [FAIL]
COUNT UP OVERFLOW: [PASS]
COUNT DOWN TEST:    0 times
VALUE: 0000
COUNT DOWN TEST:    0 times, [FAIL]
COUNT DOWN TEST:    1 times
VALUE: 0000
VALUE: 1111
COUNT DOWN TEST:    1 times, [PASS]
COUNT DOWN TEST:    2 times
VALUE: 0000
VALUE: 1111
VALUE: 1110
COUNT DOWN TEST:    2 times, [PASS]
COUNT DOWN TEST:    3 times
VALUE: 0000
VALUE: 1111
VALUE: 1110
VALUE: 1101
COUNT DOWN TEST:    3 times, [PASS]
COUNT DOWN TEST:    4 times
VALUE: 0000
VALUE: 1111
VALUE: 1110
VALUE: 1101
VALUE: 1100
COUNT DOWN TEST:    4 times, [PASS]
COUNT DOWN TEST:    5 times
VALUE: 0000
VALUE: 1111
VALUE: 1110
VALUE: 1101
VALUE: 1100
VALUE: 1011
COUNT DOWN TEST:    5 times, [PASS]
COUNT DOWN TEST:    6 times
VALUE: 0000
VALUE: 1111
VALUE: 1110
VALUE: 1101
VALUE: 1100
VALUE: 1011
VALUE: 1010
COUNT DOWN TEST:    6 times, [PASS]
COUNT DOWN TEST:    7 times
VALUE: 0000
VALUE: 1111
VALUE: 1110
VALUE: 1101
VALUE: 1100
VALUE: 1011
VALUE: 1010
VALUE: 1001
COUNT DOWN TEST:    7 times, [PASS]
COUNT DOWN TEST:    8 times
VALUE: 0000
VALUE: 1111
VALUE: 1110
VALUE: 1101
VALUE: 1100
VALUE: 1011
VALUE: 1010
VALUE: 1001
VALUE: 1000
COUNT DOWN TEST:    8 times, [PASS]
COUNT DOWN TEST:   17 times
VALUE: 0000
VALUE: 1111
VALUE: 1110
VALUE: 1101
VALUE: 1100
VALUE: 1011
VALUE: 1010
VALUE: 1001
VALUE: 1000
VALUE: 0111
VALUE: 0110
VALUE: 0101
VALUE: 0100
VALUE: 0011
VALUE: 0010
VALUE: 0001
VALUE: 0000
VALUE: 1111
COUNT DOWN TEST:   17 times, [FAIL]
COUNT DOWN OVERFLOW: [PASS]
VALUE: 0000
VALUE: 0001
VALUE: 0010
VALUE: 0011
VALUE: 0100
VALUE: 0101
VALUE: 0110
VALUE: 0101
VALUE: 0100
VALUE: 0011
VALUE: 0010
VALUE: 0000
VALUE: 1111
VALUE: 1110
VALUE: 1101
VALUE: 1100
VALUE: 1011
VALUE: 1010
VALUE: 1001
VALUE: 1000
VALUE: 1001
VALUE: 1010
VALUE: 1011
VALUE: 1100
VALUE: 1101
VALUE: 1110
COUNTER TEST DONE
Simulation complete via $finish(1) at time 7780 NS + 0
./01_tb/testbench.v:82         $finish;
xcelium> ^C
xcelium> exit
TOOL:	xrun(64)	20.09-s001: Exiting on May 17, 2025 at 05:35:11 EDT  (total: 00:00:37)
