============================================================
  Generated by:           Genus(TM) Synthesis Solution GENUS15.20 - 15.20-p004_1
  Generated on:           May 12 2025  12:46:57 pm
  Module:                 synth_wrapper
  Interconnect mode:      global
  Area mode:              timing library
============================================================

                                              
           Gate            Instances   Area                Library             
-------------------------------------------------------------------------------
sky130_fd_sc_hd__clkinv_1          1    3.754    sky130_fd_sc_hd__tt_025C_1v80 
sky130_fd_sc_hd__dfrtp_1           9  225.216    sky130_fd_sc_hd__tt_025C_1v80 
sky130_fd_sc_hd__inv_1             1    3.754    sky130_fd_sc_hd__tt_025C_1v80 
sky130_fd_sc_hd__inv_2             3   11.261    sky130_fd_sc_hd__tt_025C_1v80 
sky130_fd_sc_hd__inv_4             1    6.256    sky130_fd_sc_hd__tt_025C_1v80 
sky130_fd_sc_hd__nand2_1           6   22.522    sky130_fd_sc_hd__tt_025C_1v80 
sky130_fd_sc_hd__nand2_2           2   12.512    sky130_fd_sc_hd__tt_025C_1v80 
sky130_fd_sc_hd__nand3_2           1   10.010    sky130_fd_sc_hd__tt_025C_1v80 
sky130_fd_sc_hd__xnor2_1           2   17.517    sky130_fd_sc_hd__tt_025C_1v80 
sky130_fd_sc_hd__xnor3_1           1   22.522    sky130_fd_sc_hd__tt_025C_1v80 
sky130_fd_sc_hd__xor2_1            2   17.517    sky130_fd_sc_hd__tt_025C_1v80 
-------------------------------------------------------------------------------
total                             29  352.838                                  


                                    
   Type    Instances   Area  Area % 
------------------------------------
sequential         9 225.216   63.8 
inverter           6  25.024    7.1 
logic             14 102.598   29.1 
------------------------------------
total             29 352.838  100.0 

