============================================================
  Generated by:           Genus(TM) Synthesis Solution GENUS15.20 - 15.20-p004_1
  Generated on:           May 17 2025  05:37:50 am
  Module:                 synth_wrapper
  Interconnect mode:      global
  Area mode:              timing library
============================================================

Timing
--------

Clock Period 
-------------
clk    917.0 


  Cost    Critical       Violating 
 Group   Path Slack TNS    Paths   
-----------------------------------
default         0.0   0          0 
-----------------------------------
Total                 0          0 

Instance Count
--------------
Leaf Instance Count             29 
Sequential Instance Count        9 
Combinational Instance Count    20 
Hierarchical Instance Count      1 

Area
----
Cell Area                          352.838
Physical Cell Area                 0.000
Total Cell Area (Cell+Physical)    352.838
Net Area                           133.227
Total Area (Cell+Physical+Net)     486.065

Max Fanout                         9 (clk)
Min Fanout                         1 (sel_reg)
Average Fanout                     2.1
Terms to net ratio                 2.9
Terms to instance ratio            3.2
Runtime                            3.978 seconds
Elapsed Runtime                    5 seconds
RC peak memory usage:              473.74 
EDI peak memory usage:             no_value 
Hostname                           centos7
